{
  "RSpec": {
    "coverage": {
      "/Users/Kami/turing/rails-engine/app/helpers/application_helper.rb": [
        1,
        null
      ],
      "/Users/Kami/turing/rails-engine/app/controllers/api/v1/customers_controller.rb": [
        1,
        1,
        null,
        1,
        1,
        null,
        null,
        1,
        1,
        null,
        null,
        1,
        3,
        null,
        null,
        1,
        5,
        null,
        null,
        1,
        5,
        null,
        null,
        1,
        1,
        1,
        null,
        null,
        1,
        1,
        1,
        null,
        null,
        1,
        1,
        1,
        null,
        null,
        null
      ],
      "/Users/Kami/turing/rails-engine/app/controllers/application_controller.rb": [
        1,
        null,
        null,
        1,
        null
      ],
      "/Users/Kami/turing/rails-engine/app/controllers/api/v1/invoice_items_controller.rb": [
        1,
        1,
        null,
        1,
        1,
        null,
        null,
        1,
        1,
        null,
        null,
        1,
        3,
        null,
        null,
        1,
        5,
        null,
        null,
        1,
        6,
        null,
        null,
        1,
        1,
        1,
        null,
        null,
        1,
        1,
        1,
        null,
        null,
        null
      ],
      "/Users/Kami/turing/rails-engine/app/controllers/api/v1/invoices_controller.rb": [
        1,
        1,
        null,
        1,
        1,
        null,
        null,
        1,
        1,
        null,
        null,
        1,
        3,
        null,
        null,
        1,
        6,
        null,
        null,
        1,
        5,
        null,
        null,
        1,
        2,
        2,
        null,
        null,
        1,
        2,
        2,
        null,
        null,
        1,
        1,
        1,
        null,
        null,
        1,
        2,
        2,
        null,
        null,
        1,
        2,
        2,
        null,
        null,
        null
      ],
      "/Users/Kami/turing/rails-engine/app/controllers/api/v1/items_controller.rb": [
        1,
        1,
        null,
        1,
        1,
        null,
        null,
        1,
        1,
        null,
        null,
        1,
        3,
        null,
        null,
        1,
        7,
        null,
        null,
        1,
        6,
        null,
        null,
        1,
        1,
        1,
        null,
        null,
        1,
        1,
        1,
        null,
        null,
        1,
        1,
        null,
        null,
        1,
        1,
        null,
        null,
        1,
        1,
        1,
        null,
        null,
        null
      ],
      "/Users/Kami/turing/rails-engine/app/controllers/api/v1/merchants_controller.rb": [
        1,
        1,
        null,
        1,
        1,
        null,
        null,
        1,
        1,
        null,
        null,
        1,
        3,
        null,
        null,
        1,
        4,
        null,
        null,
        1,
        4,
        null,
        null,
        1,
        1,
        1,
        null,
        null,
        1,
        1,
        1,
        null,
        null,
        1,
        1,
        null,
        null,
        1,
        1,
        null,
        null,
        1,
        2,
        null,
        null,
        1,
        3,
        3,
        2,
        null,
        1,
        null,
        null,
        null,
        1,
        1,
        1,
        null,
        null,
        1,
        1,
        1,
        null,
        null,
        null
      ],
      "/Users/Kami/turing/rails-engine/app/controllers/api/v1/transactions_controller.rb": [
        1,
        1,
        null,
        1,
        1,
        null,
        null,
        1,
        1,
        null,
        null,
        1,
        3,
        null,
        null,
        1,
        4,
        null,
        null,
        1,
        5,
        null,
        null,
        1,
        1,
        1,
        null,
        null,
        null
      ],
      "/Users/Kami/turing/rails-engine/app/models/customer.rb": [
        1,
        1,
        1,
        1,
        null,
        1,
        1,
        null,
        1,
        3,
        null,
        null,
        1,
        5,
        4,
        3,
        2,
        1,
        null,
        null,
        1,
        5,
        5,
        3,
        2,
        1,
        null,
        null,
        1,
        6,
        null,
        null,
        null
      ],
      "/Users/Kami/turing/rails-engine/app/models/invoice_item.rb": [
        1,
        1,
        1,
        1,
        1,
        1,
        1,
        null,
        null,
        1,
        3,
        null,
        null,
        1,
        5,
        4,
        4,
        4,
        3,
        2,
        1,
        null,
        null,
        1,
        6,
        6,
        5,
        4,
        3,
        2,
        1,
        null,
        null,
        1,
        9,
        null,
        null,
        null
      ],
      "/Users/Kami/turing/rails-engine/app/models/invoice.rb": [
        1,
        1,
        1,
        1,
        null,
        1,
        1,
        1,
        1,
        1,
        null,
        1,
        null,
        1,
        38,
        38,
        1,
        null,
        38,
        null,
        null,
        1,
        3,
        null,
        null,
        1,
        6,
        5,
        4,
        3,
        2,
        1,
        null,
        null,
        1,
        5,
        5,
        4,
        3,
        2,
        1,
        null,
        null,
        1,
        5,
        null,
        null,
        1,
        3,
        null,
        null,
        null
      ],
      "/Users/Kami/turing/rails-engine/app/models/item.rb": [
        1,
        1,
        1,
        1,
        1,
        1,
        1,
        1,
        null,
        1,
        3,
        null,
        null,
        1,
        7,
        6,
        5,
        4,
        3,
        2,
        1,
        null,
        null,
        1,
        6,
        6,
        5,
        4,
        3,
        2,
        1,
        null,
        null,
        1,
        1,
        null,
        null,
        1,
        1,
        null,
        null,
        1,
        4,
        null,
        null,
        1,
        4,
        null,
        null,
        1,
        3,
        5,
        5,
        null,
        null,
        null
      ],
      "/Users/Kami/turing/rails-engine/app/models/merchant.rb": [
        1,
        1,
        1,
        1,
        1,
        null,
        1,
        null,
        1,
        3,
        null,
        null,
        1,
        4,
        3,
        2,
        1,
        null,
        null,
        1,
        4,
        4,
        2,
        1,
        null,
        null,
        1,
        2,
        null,
        null,
        1,
        2,
        null,
        null,
        1,
        4,
        4,
        null,
        null,
        1,
        11,
        null,
        null,
        1,
        8,
        null,
        null,
        1,
        4,
        4,
        null,
        null,
        1,
        4,
        3,
        1,
        null,
        null,
        1,
        3,
        null,
        null,
        null
      ],
      "/Users/Kami/turing/rails-engine/app/models/transaction.rb": [
        1,
        1,
        1,
        1,
        1,
        null,
        1,
        3,
        null,
        null,
        1,
        4,
        3,
        3,
        3,
        2,
        1,
        null,
        null,
        1,
        5,
        5,
        4,
        3,
        2,
        1,
        null,
        null,
        1,
        6,
        null,
        null,
        1,
        2,
        null,
        null,
        null
      ],
      "/Users/Kami/turing/rails-engine/app/serializers/customer_serializer.rb": [
        1,
        1,
        null
      ],
      "/Users/Kami/turing/rails-engine/app/serializers/invoice_serializer.rb": [
        1,
        1,
        null
      ],
      "/Users/Kami/turing/rails-engine/app/serializers/transaction_serializer.rb": [
        1,
        1,
        null
      ],
      "/Users/Kami/turing/rails-engine/app/serializers/merchant_serializer.rb": [
        1,
        1,
        null,
        null,
        null,
        null,
        null,
        null,
        null,
        null,
        null,
        null
      ],
      "/Users/Kami/turing/rails-engine/app/serializers/invoice_item_serializer.rb": [
        1,
        1,
        1,
        null,
        1,
        28,
        null,
        null
      ],
      "/Users/Kami/turing/rails-engine/app/serializers/item_serializer.rb": [
        1,
        1,
        1,
        null,
        1,
        37,
        null,
        null,
        null
      ]
    },
    "timestamp": 1464963325
  }
}
